<?xml version="1.0" encoding="UTF-8"?>
<robot generator="Robot 5.0.1 (Python 3.8.10 on linux)" generated="20220922 05:01:20.595" rpa="false" schemaversion="3">
<suite id="s1" name="Test" source="/home/amir/qa-2022/test.robot">
<test id="s1-t1" name="Login To Deriv" line="50">
<kw name="Open Browser" library="SeleniumLibrary">
<arg>https://app.deriv.com/</arg>
<arg>chrome</arg>
<doc>Opens a new browser instance to the optional ``url``.</doc>
<msg timestamp="20220922 05:01:20.678" level="INFO">Opening browser 'chrome' to base url 'https://app.deriv.com/'.</msg>
<status status="PASS" starttime="20220922 05:01:20.678" endtime="20220922 05:01:23.645"/>
</kw>
<kw name="Maximize Browser Window" library="SeleniumLibrary">
<doc>Maximizes current browser window.</doc>
<status status="PASS" starttime="20220922 05:01:23.646" endtime="20220922 05:01:23.753"/>
</kw>
<kw name="Wait Until Page Contains Element" library="SeleniumLibrary">
<arg>${rise_button}</arg>
<arg>30</arg>
<doc>Waits until the element ``locator`` appears on the current page.</doc>
<status status="PASS" starttime="20220922 05:01:23.753" endtime="20220922 05:01:26.179"/>
</kw>
<kw name="Click Element" library="SeleniumLibrary">
<arg>${login_button}</arg>
<doc>Click the element identified by ``locator``.</doc>
<msg timestamp="20220922 05:01:26.180" level="INFO">Clicking element '//button[@id='dt_login_button']'.</msg>
<status status="PASS" starttime="20220922 05:01:26.180" endtime="20220922 05:01:29.013"/>
</kw>
<kw name="Wait Until Page Contains Element" library="SeleniumLibrary">
<arg>${email_field}</arg>
<arg>100</arg>
<doc>Waits until the element ``locator`` appears on the current page.</doc>
<status status="PASS" starttime="20220922 05:01:29.013" endtime="20220922 05:01:29.055"/>
</kw>
<kw name="Input Text" library="SeleniumLibrary">
<arg>${email_field}</arg>
<arg>${nic_email}</arg>
<doc>Types the given ``text`` into the text field identified by ``locator``.</doc>
<msg timestamp="20220922 05:01:29.056" level="INFO">Typing text 'amir@besquare.com.my' into text field '//input[@type='email']'.</msg>
<status status="PASS" starttime="20220922 05:01:29.055" endtime="20220922 05:01:29.128"/>
</kw>
<kw name="Input Text" library="SeleniumLibrary">
<arg>${pw_field}</arg>
<arg>${nic_pw}</arg>
<doc>Types the given ``text`` into the text field identified by ``locator``.</doc>
<msg timestamp="20220922 05:01:29.130" level="INFO">Typing text '987Luke!@#' into text field '//input[@type='password']'.</msg>
<status status="PASS" starttime="20220922 05:01:29.129" endtime="20220922 05:01:29.189"/>
</kw>
<kw name="Click Element" library="SeleniumLibrary">
<arg>//button[@type='submit']</arg>
<doc>Click the element identified by ``locator``.</doc>
<msg timestamp="20220922 05:01:29.190" level="INFO">Clicking element '//button[@type='submit']'.</msg>
<status status="PASS" starttime="20220922 05:01:29.189" endtime="20220922 05:01:30.723"/>
</kw>
<status status="PASS" starttime="20220922 05:01:20.677" endtime="20220922 05:01:30.723"/>
</test>
<test id="s1-t2" name="Check Real" line="60">
<kw name="Wait Until Page Contains Element" library="SeleniumLibrary">
<arg>${rise_button}</arg>
<arg>30</arg>
<doc>Waits until the element ``locator`` appears on the current page.</doc>
<status status="PASS" starttime="20220922 05:01:30.725" endtime="20220922 05:01:33.456"/>
</kw>
<kw name="Click Element" library="SeleniumLibrary">
<arg>${drop_down_button}</arg>
<doc>Click the element identified by ``locator``.</doc>
<msg timestamp="20220922 05:01:33.456" level="INFO">Clicking element 'dt_core_account-info_acc-info'.</msg>
<status status="PASS" starttime="20220922 05:01:33.456" endtime="20220922 05:01:34.144"/>
</kw>
<kw name="Wait Until Page Contains Element" library="SeleniumLibrary">
<arg>${real_acc}</arg>
<arg>30</arg>
<doc>Waits until the element ``locator`` appears on the current page.</doc>
<status status="PASS" starttime="20220922 05:01:34.145" endtime="20220922 05:01:34.208"/>
</kw>
<kw name="Page Should Contain Element" library="SeleniumLibrary">
<arg>${real_acc}</arg>
<doc>Verifies that element ``locator`` is found on the current page.</doc>
<msg timestamp="20220922 05:01:34.264" level="INFO">Current page contains element '//*[starts-with(@id, 'dt_CR')]'.</msg>
<status status="PASS" starttime="20220922 05:01:34.209" endtime="20220922 05:01:34.264"/>
</kw>
<kw name="Click Element" library="SeleniumLibrary">
<arg>${real_acc}</arg>
<doc>Click the element identified by ``locator``.</doc>
<msg timestamp="20220922 05:01:34.265" level="INFO">Clicking element '//*[starts-with(@id, 'dt_CR')]'.</msg>
<status status="PASS" starttime="20220922 05:01:34.264" endtime="20220922 05:01:34.496"/>
</kw>
<status status="PASS" starttime="20220922 05:01:30.724" endtime="20220922 05:01:34.496"/>
</test>
<test id="s1-t3" name="Switch to Demo" line="68">
<kw name="Click Element" library="SeleniumLibrary">
<arg>${drop_down_button}</arg>
<doc>Click the element identified by ``locator``.</doc>
<msg timestamp="20220922 05:01:34.497" level="INFO">Clicking element 'dt_core_account-info_acc-info'.</msg>
<status status="PASS" starttime="20220922 05:01:34.497" endtime="20220922 05:01:34.651"/>
</kw>
<kw name="Wait Until Page Contains Element" library="SeleniumLibrary">
<arg>${demo_button}</arg>
<arg>5</arg>
<doc>Waits until the element ``locator`` appears on the current page.</doc>
<status status="PASS" starttime="20220922 05:01:34.651" endtime="20220922 05:01:34.718"/>
</kw>
<kw name="Click Element" library="SeleniumLibrary">
<arg>${demo_button}</arg>
<doc>Click the element identified by ``locator``.</doc>
<msg timestamp="20220922 05:01:34.719" level="INFO">Clicking element 'dt_core_account-switcher_demo-tab'.</msg>
<status status="PASS" starttime="20220922 05:01:34.718" endtime="20220922 05:01:34.779"/>
</kw>
<kw name="Wait Until Page Contains Element" library="SeleniumLibrary">
<arg>${demo_switch}</arg>
<doc>Waits until the element ``locator`` appears on the current page.</doc>
<status status="PASS" starttime="20220922 05:01:34.779" endtime="20220922 05:01:34.791"/>
</kw>
<kw name="Click Element" library="SeleniumLibrary">
<arg>${demo_switch}</arg>
<doc>Click the element identified by ``locator``.</doc>
<msg timestamp="20220922 05:01:34.792" level="INFO">Clicking element 'dt_VRTC6201767'.</msg>
<status status="PASS" starttime="20220922 05:01:34.791" endtime="20220922 05:01:34.956"/>
</kw>
<status status="PASS" starttime="20220922 05:01:34.497" endtime="20220922 05:01:34.957"/>
</test>
<test id="s1-t4" name="Verify if in Demo" line="75">
<kw name="Wait Until Page Contains Element" library="SeleniumLibrary">
<arg>${drop_down_button}</arg>
<arg>10</arg>
<doc>Waits until the element ``locator`` appears on the current page.</doc>
<status status="PASS" starttime="20220922 05:01:34.961" endtime="20220922 05:01:34.976"/>
</kw>
<kw name="Wait Until Element Contains" library="SeleniumLibrary">
<arg>${drop_down_button}</arg>
<arg>USD</arg>
<doc>Waits until the element ``locator`` contains ``text``.</doc>
<status status="PASS" starttime="20220922 05:01:34.976" endtime="20220922 05:01:35.009"/>
</kw>
<kw name="Sleep" library="BuiltIn">
<arg>4</arg>
<doc>Pauses the test executed for the given time.</doc>
<msg timestamp="20220922 05:01:39.010" level="INFO">Slept 4 seconds</msg>
<status status="PASS" starttime="20220922 05:01:35.009" endtime="20220922 05:01:39.010"/>
</kw>
<kw name="Click Element" library="SeleniumLibrary">
<arg>${drop_down_button}</arg>
<doc>Click the element identified by ``locator``.</doc>
<msg timestamp="20220922 05:01:39.012" level="INFO">Clicking element 'dt_core_account-info_acc-info'.</msg>
<status status="PASS" starttime="20220922 05:01:39.011" endtime="20220922 05:01:39.351"/>
</kw>
<kw name="Wait Until Element Is Visible" library="SeleniumLibrary">
<arg>${demo_switch}</arg>
<arg>10</arg>
<doc>Waits until the element ``locator`` is visible.</doc>
<status status="PASS" starttime="20220922 05:01:39.351" endtime="20220922 05:01:39.676"/>
</kw>
<status status="PASS" starttime="20220922 05:01:34.960" endtime="20220922 05:01:39.676"/>
</test>
<status status="PASS" starttime="20220922 05:01:20.596" endtime="20220922 05:01:39.677"/>
</suite>
<statistics>
<total>
<stat pass="4" fail="0" skip="0">All Tests</stat>
</total>
<tag>
</tag>
<suite>
<stat pass="4" fail="0" skip="0" id="s1" name="Test">Test</stat>
</suite>
</statistics>
<errors>
</errors>
</robot>
